[2020-12-03T09:47:30+08:00][error] [0]语法错误: unexpected 'echo' (T_ECHO), expecting function (T_FUNCTION) or const (T_CONST)[/mnt/d/software/thinkphp6/tp/app/controller/Index.php:16]
[2020-12-03T12:38:30+08:00][error] [8]未定义变量: firstModel[D:\software\thinkphp6\tp\app\controller\Index.php:13]
[2020-12-03T13:10:18+08:00][error] [0]语法错误: unexpected '}'[D:\software\thinkphp6\tp\app\controller\Index.php:15]
[2020-12-03T13:10:40+08:00][sql] CONNECT:[ UseTime:0.024288s ] mysql:host=127.0.0.1;port=3306;dbname=test;charset=utf8
[2020-12-03T13:10:40+08:00][sql] SHOW FULL COLUMNS FROM `cn_first` [ RunTime:0.001452s ]
[2020-12-03T13:10:40+08:00][sql] SELECT * FROM `cn_first` WHERE  `id` > 0 [ RunTime:0.009636s ]
[2020-12-03T13:12:04+08:00][error] [0]Call to undefined function app\controller\testConfig()[D:\software\thinkphp6\tp\app\controller\Index.php:13]
[2020-12-03T13:17:02+08:00][sql] CONNECT:[ UseTime:0.017288s ] mysql:host=127.0.0.1;port=3306;dbname=test;charset=utf8
[2020-12-03T13:17:02+08:00][sql] SHOW FULL COLUMNS FROM `cn_first` [ RunTime:0.000987s ]
[2020-12-03T13:17:02+08:00][sql] SELECT * FROM `cn_first` WHERE  `id` > 0 [ RunTime:0.000352s ]
[2020-12-03T13:20:08+08:00][sql] CONNECT:[ UseTime:0.024852s ] mysql:host=127.0.0.1;port=3306;dbname=test;charset=utf8
[2020-12-03T13:20:08+08:00][sql] SHOW FULL COLUMNS FROM `cn_first` [ RunTime:0.001192s ]
[2020-12-03T13:20:08+08:00][error] [10500]method not exist:think\db\Query->fetch[D:\software\thinkphp6\tp\vendor\topthink\think-orm\src\db\BaseQuery.php:117]
[2020-12-03T13:20:19+08:00][sql] CONNECT:[ UseTime:0.023514s ] mysql:host=127.0.0.1;port=3306;dbname=test;charset=utf8
[2020-12-03T13:20:19+08:00][sql] SHOW FULL COLUMNS FROM `cn_first` [ RunTime:0.001585s ]
[2020-12-03T13:20:19+08:00][error] [10500]method not exist:think\db\Query->watch[D:\software\thinkphp6\tp\vendor\topthink\think-orm\src\db\BaseQuery.php:117]
[2020-12-03T13:20:24+08:00][sql] CONNECT:[ UseTime:0.012923s ] mysql:host=127.0.0.1;port=3306;dbname=test;charset=utf8
[2020-12-03T13:20:24+08:00][sql] SHOW FULL COLUMNS FROM `cn_first` [ RunTime:0.001263s ]
[2020-12-03T13:20:24+08:00][error] [10500]method not exist:think\db\Query->wich[D:\software\thinkphp6\tp\vendor\topthink\think-orm\src\db\BaseQuery.php:117]
[2020-12-03T13:20:32+08:00][sql] CONNECT:[ UseTime:0.021557s ] mysql:host=127.0.0.1;port=3306;dbname=test;charset=utf8
[2020-12-03T13:20:32+08:00][sql] SHOW FULL COLUMNS FROM `cn_first` [ RunTime:0.000991s ]
[2020-12-03T13:20:32+08:00][error] [10500]method not exist:think\db\Query->witch[D:\software\thinkphp6\tp\vendor\topthink\think-orm\src\db\BaseQuery.php:117]
[2020-12-03T13:21:24+08:00][sql] CONNECT:[ UseTime:0.001343s ] mysql:host=127.0.0.1;port=3306;dbname=test;charset=utf8
[2020-12-03T13:21:24+08:00][sql] SHOW FULL COLUMNS FROM `cn_first` [ RunTime:0.001333s ]
[2020-12-03T13:21:24+08:00][error] [10500]method not exist:think\db\Query->get[D:\software\thinkphp6\tp\vendor\topthink\think-orm\src\db\BaseQuery.php:117]
[2020-12-03T13:21:32+08:00][sql] CONNECT:[ UseTime:0.000970s ] mysql:host=127.0.0.1;port=3306;dbname=test;charset=utf8
[2020-12-03T13:21:32+08:00][sql] SHOW FULL COLUMNS FROM `cn_first` [ RunTime:0.000954s ]
[2020-12-03T13:21:32+08:00][sql] SELECT * FROM `cn_first` WHERE  `id` > 0 [ RunTime:0.000448s ]
[2020-12-03T14:00:14+08:00][error] [8]Trying to access array offset on value of type null[/mnt/d/software/thinkphp6/tp/vendor/topthink/think-orm/src/db/exception/PDOException.php:34]
[2020-12-03T14:00:47+08:00][error] [8]Trying to access array offset on value of type null[/mnt/d/software/thinkphp6/tp/vendor/topthink/think-orm/src/db/exception/PDOException.php:34]
[2020-12-03T14:03:39+08:00][error] [8]Trying to access array offset on value of type null[/mnt/d/software/thinkphp6/tp/vendor/topthink/think-orm/src/db/exception/PDOException.php:34]
[2020-12-03T14:04:57+08:00][error] [8]Trying to access array offset on value of type null[/mnt/d/software/thinkphp6/tp/vendor/topthink/think-orm/src/db/exception/PDOException.php:34]
[2020-12-03T14:05:06+08:00][error] [8]Trying to access array offset on value of type null[/mnt/d/software/thinkphp6/tp/vendor/topthink/think-orm/src/db/exception/PDOException.php:34]
[2020-12-03T14:05:38+08:00][error] [8]Trying to access array offset on value of type null[/mnt/d/software/thinkphp6/tp/vendor/topthink/think-orm/src/db/exception/PDOException.php:34]
[2020-12-03T14:05:39+08:00][error] [8]Trying to access array offset on value of type null[/mnt/d/software/thinkphp6/tp/vendor/topthink/think-orm/src/db/exception/PDOException.php:34]
[2020-12-03T14:05:40+08:00][error] [8]Trying to access array offset on value of type null[/mnt/d/software/thinkphp6/tp/vendor/topthink/think-orm/src/db/exception/PDOException.php:34]
[2020-12-03T14:05:40+08:00][error] [8]Trying to access array offset on value of type null[/mnt/d/software/thinkphp6/tp/vendor/topthink/think-orm/src/db/exception/PDOException.php:34]
[2020-12-03T14:05:40+08:00][error] [8]Trying to access array offset on value of type null[/mnt/d/software/thinkphp6/tp/vendor/topthink/think-orm/src/db/exception/PDOException.php:34]
[2020-12-03T14:05:40+08:00][error] [8]Trying to access array offset on value of type null[/mnt/d/software/thinkphp6/tp/vendor/topthink/think-orm/src/db/exception/PDOException.php:34]
[2020-12-03T14:05:40+08:00][error] [8]Trying to access array offset on value of type null[/mnt/d/software/thinkphp6/tp/vendor/topthink/think-orm/src/db/exception/PDOException.php:34]
[2020-12-03T14:05:40+08:00][error] [8]Trying to access array offset on value of type null[/mnt/d/software/thinkphp6/tp/vendor/topthink/think-orm/src/db/exception/PDOException.php:34]
[2020-12-03T14:06:56+08:00][error] [8]Trying to access array offset on value of type null[/mnt/d/software/thinkphp6/tp/vendor/topthink/think-orm/src/db/exception/PDOException.php:34]
[2020-12-03T14:09:43+08:00][error] [8]Trying to access array offset on value of type null[/mnt/d/software/thinkphp6/tp/vendor/topthink/think-orm/src/db/exception/PDOException.php:34]
[2020-12-03T14:11:32+08:00][error] [8]Trying to access array offset on value of type null[/mnt/d/software/thinkphp6/tp/vendor/topthink/think-orm/src/db/exception/PDOException.php:34]
[2020-12-03T14:12:55+08:00][error] [8]Trying to access array offset on value of type null[/mnt/d/software/thinkphp6/tp/vendor/topthink/think-orm/src/db/exception/PDOException.php:34]
[2020-12-03T14:13:27+08:00][sql] CONNECT:[ UseTime:0.001457s ] mysql:host=127.0.0.1;port=3306;dbname=test;charset=utf8
[2020-12-03T14:13:27+08:00][sql] SHOW FULL COLUMNS FROM `cn_first` [ RunTime:0.001270s ]
[2020-12-03T14:13:27+08:00][sql] SELECT * FROM `cn_first` WHERE  `id` > 0 [ RunTime:0.001217s ]
[2020-12-03T14:14:14+08:00][sql] CONNECT:[ UseTime:0.014974s ] mysql:host=127.0.0.1;port=3306;dbname=test;charset=utf8
[2020-12-03T14:14:14+08:00][sql] SHOW FULL COLUMNS FROM `cn_first` [ RunTime:0.001235s ]
[2020-12-03T14:14:14+08:00][sql] SELECT * FROM `cn_first` WHERE  `id` > 0 [ RunTime:0.000884s ]
[2020-12-03T14:14:15+08:00][sql] CONNECT:[ UseTime:0.001575s ] mysql:host=127.0.0.1;port=3306;dbname=test;charset=utf8
[2020-12-03T14:14:15+08:00][sql] SHOW FULL COLUMNS FROM `cn_first` [ RunTime:0.001282s ]
[2020-12-03T14:14:15+08:00][sql] SELECT * FROM `cn_first` WHERE  `id` > 0 [ RunTime:0.001108s ]
[2020-12-03T14:14:20+08:00][error] [8]Trying to access array offset on value of type null[/mnt/d/software/thinkphp6/tp/vendor/topthink/think-orm/src/db/exception/PDOException.php:34]
[2020-12-03T14:15:25+08:00][sql] CONNECT:[ UseTime:0.001617s ] mysql:host=127.0.0.1;port=3306;dbname=test;charset=utf8
[2020-12-03T14:15:25+08:00][sql] SHOW FULL COLUMNS FROM `cn_first` [ RunTime:0.001414s ]
[2020-12-03T14:15:25+08:00][sql] SELECT * FROM `cn_first` WHERE  `id` > 0 [ RunTime:0.001135s ]
[2020-12-03T14:15:25+08:00][sql] CONNECT:[ UseTime:0.001145s ] mysql:host=127.0.0.1;port=3306;dbname=test;charset=utf8
[2020-12-03T14:15:25+08:00][sql] SHOW FULL COLUMNS FROM `cn_first` [ RunTime:0.001063s ]
[2020-12-03T14:15:25+08:00][sql] SELECT * FROM `cn_first` WHERE  `id` > 0 [ RunTime:0.000664s ]
[2020-12-03T14:18:51+08:00][sql] CONNECT:[ UseTime:0.001634s ] mysql:host=127.0.0.1;port=3306;dbname=test;charset=utf8
[2020-12-03T14:18:51+08:00][sql] SHOW FULL COLUMNS FROM `cn_first` [ RunTime:0.001936s ]
[2020-12-03T14:18:51+08:00][sql] SELECT * FROM `cn_first` WHERE  `id` > 0 LIMIT 1 [ RunTime:0.001178s ]
[2020-12-03T14:19:13+08:00][sql] CONNECT:[ UseTime:0.024865s ] mysql:host=127.0.0.1;port=3306;dbname=test;charset=utf8
[2020-12-03T14:19:13+08:00][sql] SHOW FULL COLUMNS FROM `cn_first` [ RunTime:0.001235s ]
[2020-12-03T14:19:13+08:00][sql] SELECT * FROM `cn_first` WHERE  `id` > 0 [ RunTime:0.001006s ]
[2020-12-03T14:27:40+08:00][error] [10501]SQLSTATE[HY000] [2054] The server requested authentication method unknown to the client[D:\software\thinkphp6\tp\vendor\topthink\think-orm\src\db\PDOConnection.php:768]
[2020-12-03T14:27:42+08:00][error] [10501]SQLSTATE[HY000] [2054] The server requested authentication method unknown to the client[D:\software\thinkphp6\tp\vendor\topthink\think-orm\src\db\PDOConnection.php:768]
[2020-12-03T14:29:24+08:00][error] [10501]SQLSTATE[HY000] [2054] The server requested authentication method unknown to the client[D:\software\thinkphp6\tp\vendor\topthink\think-orm\src\db\PDOConnection.php:768]
[2020-12-03T14:29:30+08:00][error] [10501]SQLSTATE[HY000] [2054] The server requested authentication method unknown to the client[D:\software\thinkphp6\tp\vendor\topthink\think-orm\src\db\PDOConnection.php:768]
[2020-12-03T14:29:31+08:00][error] [10501]SQLSTATE[HY000] [2054] The server requested authentication method unknown to the client[D:\software\thinkphp6\tp\vendor\topthink\think-orm\src\db\PDOConnection.php:768]
[2020-12-03T14:29:32+08:00][error] [10501]SQLSTATE[HY000] [2054] The server requested authentication method unknown to the client[D:\software\thinkphp6\tp\vendor\topthink\think-orm\src\db\PDOConnection.php:768]
[2020-12-03T14:29:32+08:00][error] [10501]SQLSTATE[HY000] [2054] The server requested authentication method unknown to the client[D:\software\thinkphp6\tp\vendor\topthink\think-orm\src\db\PDOConnection.php:768]
[2020-12-03T14:29:34+08:00][error] [10501]SQLSTATE[HY000] [2054] The server requested authentication method unknown to the client[D:\software\thinkphp6\tp\vendor\topthink\think-orm\src\db\PDOConnection.php:768]
[2020-12-03T14:30:11+08:00][error] [10501]SQLSTATE[HY000] [2054] The server requested authentication method unknown to the client[D:\software\thinkphp6\tp\vendor\topthink\think-orm\src\db\PDOConnection.php:768]
[2020-12-03T14:30:12+08:00][error] [10501]SQLSTATE[HY000] [2054] The server requested authentication method unknown to the client[D:\software\thinkphp6\tp\vendor\topthink\think-orm\src\db\PDOConnection.php:768]
[2020-12-03T14:30:12+08:00][error] [10501]SQLSTATE[HY000] [2054] The server requested authentication method unknown to the client[D:\software\thinkphp6\tp\vendor\topthink\think-orm\src\db\PDOConnection.php:768]
[2020-12-03T14:30:12+08:00][error] [10501]SQLSTATE[HY000] [2054] The server requested authentication method unknown to the client[D:\software\thinkphp6\tp\vendor\topthink\think-orm\src\db\PDOConnection.php:768]
[2020-12-03T14:30:38+08:00][error] [10501]SQLSTATE[HY000] [2054] The server requested authentication method unknown to the client[D:\software\thinkphp6\tp\vendor\topthink\think-orm\src\db\PDOConnection.php:768]
[2020-12-03T14:30:39+08:00][error] [10501]SQLSTATE[HY000] [2054] The server requested authentication method unknown to the client[D:\software\thinkphp6\tp\vendor\topthink\think-orm\src\db\PDOConnection.php:768]
[2020-12-03T14:30:39+08:00][error] [10501]SQLSTATE[HY000] [2054] The server requested authentication method unknown to the client[D:\software\thinkphp6\tp\vendor\topthink\think-orm\src\db\PDOConnection.php:768]
[2020-12-03T14:30:40+08:00][error] [10501]SQLSTATE[HY000] [2054] The server requested authentication method unknown to the client[D:\software\thinkphp6\tp\vendor\topthink\think-orm\src\db\PDOConnection.php:768]
[2020-12-03T14:31:42+08:00][error] [10501]SQLSTATE[HY000] [2054] The server requested authentication method unknown to the client[D:\software\thinkphp6\tp\vendor\topthink\think-orm\src\db\PDOConnection.php:768]
[2020-12-03T14:31:44+08:00][error] [10501]SQLSTATE[HY000] [2054] The server requested authentication method unknown to the client[D:\software\thinkphp6\tp\vendor\topthink\think-orm\src\db\PDOConnection.php:768]
[2020-12-03T14:31:46+08:00][error] [10501]SQLSTATE[HY000] [2054] The server requested authentication method unknown to the client[D:\software\thinkphp6\tp\vendor\topthink\think-orm\src\db\PDOConnection.php:768]
[2020-12-03T14:31:46+08:00][error] [10501]SQLSTATE[HY000] [2054] The server requested authentication method unknown to the client[D:\software\thinkphp6\tp\vendor\topthink\think-orm\src\db\PDOConnection.php:768]
[2020-12-03T14:31:46+08:00][error] [10501]SQLSTATE[HY000] [2054] The server requested authentication method unknown to the client[D:\software\thinkphp6\tp\vendor\topthink\think-orm\src\db\PDOConnection.php:768]
[2020-12-03T14:31:47+08:00][error] [10501]SQLSTATE[HY000] [2054] The server requested authentication method unknown to the client[D:\software\thinkphp6\tp\vendor\topthink\think-orm\src\db\PDOConnection.php:768]
[2020-12-03T14:31:47+08:00][error] [10501]SQLSTATE[HY000] [2054] The server requested authentication method unknown to the client[D:\software\thinkphp6\tp\vendor\topthink\think-orm\src\db\PDOConnection.php:768]
[2020-12-03T14:31:47+08:00][error] [10501]SQLSTATE[HY000] [2054] The server requested authentication method unknown to the client[D:\software\thinkphp6\tp\vendor\topthink\think-orm\src\db\PDOConnection.php:768]
[2020-12-03T14:31:47+08:00][error] [10501]SQLSTATE[HY000] [2054] The server requested authentication method unknown to the client[D:\software\thinkphp6\tp\vendor\topthink\think-orm\src\db\PDOConnection.php:768]
[2020-12-03T14:31:47+08:00][error] [10501]SQLSTATE[HY000] [2054] The server requested authentication method unknown to the client[D:\software\thinkphp6\tp\vendor\topthink\think-orm\src\db\PDOConnection.php:768]
[2020-12-03T14:31:48+08:00][error] [10501]SQLSTATE[HY000] [2054] The server requested authentication method unknown to the client[D:\software\thinkphp6\tp\vendor\topthink\think-orm\src\db\PDOConnection.php:768]
[2020-12-03T14:31:48+08:00][error] [10501]SQLSTATE[HY000] [2054] The server requested authentication method unknown to the client[D:\software\thinkphp6\tp\vendor\topthink\think-orm\src\db\PDOConnection.php:768]
[2020-12-03T14:31:48+08:00][error] [10501]SQLSTATE[HY000] [2054] The server requested authentication method unknown to the client[D:\software\thinkphp6\tp\vendor\topthink\think-orm\src\db\PDOConnection.php:768]
[2020-12-03T14:31:48+08:00][error] [10501]SQLSTATE[HY000] [2054] The server requested authentication method unknown to the client[D:\software\thinkphp6\tp\vendor\topthink\think-orm\src\db\PDOConnection.php:768]
[2020-12-03T14:31:49+08:00][error] [10501]SQLSTATE[HY000] [2054] The server requested authentication method unknown to the client[D:\software\thinkphp6\tp\vendor\topthink\think-orm\src\db\PDOConnection.php:768]
[2020-12-03T14:31:50+08:00][error] [10501]SQLSTATE[HY000] [2054] The server requested authentication method unknown to the client[D:\software\thinkphp6\tp\vendor\topthink\think-orm\src\db\PDOConnection.php:768]
[2020-12-03T14:31:50+08:00][error] [10501]SQLSTATE[HY000] [2054] The server requested authentication method unknown to the client[D:\software\thinkphp6\tp\vendor\topthink\think-orm\src\db\PDOConnection.php:768]
[2020-12-03T14:31:50+08:00][error] [10501]SQLSTATE[HY000] [2054] The server requested authentication method unknown to the client[D:\software\thinkphp6\tp\vendor\topthink\think-orm\src\db\PDOConnection.php:768]
[2020-12-03T14:31:50+08:00][error] [10501]SQLSTATE[HY000] [2054] The server requested authentication method unknown to the client[D:\software\thinkphp6\tp\vendor\topthink\think-orm\src\db\PDOConnection.php:768]
[2020-12-03T14:31:51+08:00][error] [10501]SQLSTATE[HY000] [2054] The server requested authentication method unknown to the client[D:\software\thinkphp6\tp\vendor\topthink\think-orm\src\db\PDOConnection.php:768]
[2020-12-03T14:31:51+08:00][error] [10501]SQLSTATE[HY000] [2054] The server requested authentication method unknown to the client[D:\software\thinkphp6\tp\vendor\topthink\think-orm\src\db\PDOConnection.php:768]
[2020-12-03T14:31:51+08:00][error] [10501]SQLSTATE[HY000] [2054] The server requested authentication method unknown to the client[D:\software\thinkphp6\tp\vendor\topthink\think-orm\src\db\PDOConnection.php:768]
[2020-12-03T14:31:51+08:00][error] [10501]SQLSTATE[HY000] [2054] The server requested authentication method unknown to the client[D:\software\thinkphp6\tp\vendor\topthink\think-orm\src\db\PDOConnection.php:768]
[2020-12-03T14:31:52+08:00][error] [10501]SQLSTATE[HY000] [2054] The server requested authentication method unknown to the client[D:\software\thinkphp6\tp\vendor\topthink\think-orm\src\db\PDOConnection.php:768]
[2020-12-03T14:31:52+08:00][error] [10501]SQLSTATE[HY000] [2054] The server requested authentication method unknown to the client[D:\software\thinkphp6\tp\vendor\topthink\think-orm\src\db\PDOConnection.php:768]
[2020-12-03T14:31:52+08:00][error] [10501]SQLSTATE[HY000] [2054] The server requested authentication method unknown to the client[D:\software\thinkphp6\tp\vendor\topthink\think-orm\src\db\PDOConnection.php:768]
[2020-12-03T14:31:52+08:00][error] [10501]SQLSTATE[HY000] [2054] The server requested authentication method unknown to the client[D:\software\thinkphp6\tp\vendor\topthink\think-orm\src\db\PDOConnection.php:768]
[2020-12-03T14:32:28+08:00][error] [10501]SQLSTATE[HY000] [2054] The server requested authentication method unknown to the client[D:\software\thinkphp6\tp\vendor\topthink\think-orm\src\db\PDOConnection.php:768]
[2020-12-03T14:32:29+08:00][error] [10501]SQLSTATE[HY000] [2054] The server requested authentication method unknown to the client[D:\software\thinkphp6\tp\vendor\topthink\think-orm\src\db\PDOConnection.php:768]
[2020-12-03T14:32:29+08:00][error] [10501]SQLSTATE[HY000] [2054] The server requested authentication method unknown to the client[D:\software\thinkphp6\tp\vendor\topthink\think-orm\src\db\PDOConnection.php:768]
[2020-12-03T14:32:30+08:00][error] [10501]SQLSTATE[HY000] [2054] The server requested authentication method unknown to the client[D:\software\thinkphp6\tp\vendor\topthink\think-orm\src\db\PDOConnection.php:768]
[2020-12-03T14:33:34+08:00][sql] CONNECT:[ UseTime:0.003198s ] mysql:host=127.0.0.1;port=3306;dbname=test;charset=utf8
[2020-12-03T14:33:34+08:00][sql] SHOW FULL COLUMNS FROM `cn_first` [ RunTime:0.003771s ]
[2020-12-03T14:33:34+08:00][sql] SELECT * FROM `cn_first` WHERE  `id` > 0 [ RunTime:0.001089s ]
[2020-12-03T14:44:42+08:00][sql] CONNECT:[ UseTime:0.025411s ] mysql:host=127.0.0.1;port=3306;dbname=test;charset=utf8
[2020-12-03T14:44:42+08:00][sql] SHOW FULL COLUMNS FROM `cn_first` [ RunTime:0.001947s ]
[2020-12-03T14:44:42+08:00][error] [4096]Object of class app\controller\Index could not be converted to string[D:\software\thinkphp6\tp\app\controller\Index.php:19]
[2020-12-03T14:44:55+08:00][sql] CONNECT:[ UseTime:0.025787s ] mysql:host=127.0.0.1;port=3306;dbname=test;charset=utf8
[2020-12-03T14:44:55+08:00][sql] SHOW FULL COLUMNS FROM `cn_first` [ RunTime:0.001275s ]
[2020-12-03T14:44:55+08:00][sql] SELECT * FROM `cn_first` WHERE  `id` > 0 [ RunTime:0.001024s ]
[2020-12-03T14:45:08+08:00][sql] CONNECT:[ UseTime:0.012743s ] mysql:host=127.0.0.1;port=3306;dbname=test;charset=utf8
[2020-12-03T14:45:08+08:00][sql] SHOW FULL COLUMNS FROM `cn_first` [ RunTime:0.001025s ]
[2020-12-03T14:45:08+08:00][error] [4096]Object of class app\controller\Index could not be converted to string[D:\software\thinkphp6\tp\app\controller\Index.php:19]
[2020-12-03T14:45:22+08:00][sql] CONNECT:[ UseTime:0.019337s ] mysql:host=127.0.0.1;port=3306;dbname=test;charset=utf8
[2020-12-03T14:45:22+08:00][sql] SHOW FULL COLUMNS FROM `cn_first` [ RunTime:0.001004s ]
[2020-12-03T14:45:22+08:00][sql] SELECT * FROM `cn_first` WHERE  `id` > 0 [ RunTime:0.000751s ]
[2020-12-03T14:58:06+08:00][sql] CONNECT:[ UseTime:0.001431s ] mysql:host=127.0.0.1;port=3306;dbname=test;charset=utf8
[2020-12-03T14:58:06+08:00][sql] SHOW FULL COLUMNS FROM `cn_first` [ RunTime:0.001648s ]
[2020-12-03T14:58:06+08:00][sql] SELECT * FROM `cn_first` WHERE  `id` > 0 [ RunTime:0.001313s ]
[2020-12-03T14:58:24+08:00][sql] CONNECT:[ UseTime:0.020449s ] mysql:host=127.0.0.1;port=3306;dbname=test;charset=utf8
[2020-12-03T14:58:24+08:00][sql] SHOW FULL COLUMNS FROM `cn_first` [ RunTime:0.001265s ]
[2020-12-03T14:58:24+08:00][sql] SELECT * FROM `cn_first` WHERE  `id` > 0 [ RunTime:0.001193s ]
[2020-12-03T14:59:49+08:00][sql] CONNECT:[ UseTime:0.000989s ] mysql:host=127.0.0.1;port=3306;dbname=test;charset=utf8
[2020-12-03T14:59:49+08:00][sql] SHOW FULL COLUMNS FROM `cn_first` [ RunTime:0.000975s ]
[2020-12-03T14:59:49+08:00][sql] SELECT * FROM `cn_first` WHERE  `id` > 0 [ RunTime:0.000711s ]
[2020-12-03T14:59:49+08:00][sql] SELECT * FROM `cn_first` WHERE  `id` > 0 [ RunTime:0.000532s ]
[2020-12-03T15:03:02+08:00][sql] CONNECT:[ UseTime:0.001311s ] mysql:host=127.0.0.1;port=3306;dbname=test;charset=utf8
[2020-12-03T15:03:02+08:00][sql] SHOW FULL COLUMNS FROM `cn_first` [ RunTime:0.001103s ]
[2020-12-03T15:03:02+08:00][error] [8192]Non-static method app\model\First::text() should not be called statically[D:\software\thinkphp6\tp\app\controller\Index.php:24]
[2020-12-03T15:03:33+08:00][sql] CONNECT:[ UseTime:0.024415s ] mysql:host=127.0.0.1;port=3306;dbname=test;charset=utf8
[2020-12-03T15:03:33+08:00][sql] SHOW FULL COLUMNS FROM `cn_first` [ RunTime:0.001750s ]
[2020-12-03T15:03:33+08:00][sql] SELECT * FROM `cn_first` WHERE  `id` > 0 [ RunTime:0.000667s ]
[2020-12-03T15:03:33+08:00][error] [8192]Non-static method think\Collection::toArray() should not be called statically[D:\software\thinkphp6\tp\app\controller\Index.php:24]
[2020-12-03T15:04:33+08:00][sql] CONNECT:[ UseTime:0.011900s ] mysql:host=127.0.0.1;port=3306;dbname=test;charset=utf8
[2020-12-03T15:04:33+08:00][sql] SHOW FULL COLUMNS FROM `cn_first` [ RunTime:0.001197s ]
[2020-12-03T15:04:34+08:00][sql] CONNECT:[ UseTime:0.001136s ] mysql:host=127.0.0.1;port=3306;dbname=test;charset=utf8
[2020-12-03T15:04:34+08:00][sql] SHOW FULL COLUMNS FROM `cn_first` [ RunTime:0.001160s ]
[2020-12-03T15:04:34+08:00][sql] CONNECT:[ UseTime:0.001461s ] mysql:host=127.0.0.1;port=3306;dbname=test;charset=utf8
[2020-12-03T15:04:34+08:00][sql] SHOW FULL COLUMNS FROM `cn_first` [ RunTime:0.001359s ]
[2020-12-03T15:04:35+08:00][sql] CONNECT:[ UseTime:0.001430s ] mysql:host=127.0.0.1;port=3306;dbname=test;charset=utf8
[2020-12-03T15:04:35+08:00][sql] SHOW FULL COLUMNS FROM `cn_first` [ RunTime:0.001272s ]
[2020-12-03T15:04:54+08:00][sql] CONNECT:[ UseTime:0.001394s ] mysql:host=127.0.0.1;port=3306;dbname=test;charset=utf8
[2020-12-03T15:04:54+08:00][sql] SHOW FULL COLUMNS FROM `cn_first` [ RunTime:0.001233s ]
[2020-12-03T15:04:54+08:00][sql] SELECT * FROM `cn_first` WHERE  `id` > 0 [ RunTime:0.001251s ]
[2020-12-03T15:06:04+08:00][sql] CONNECT:[ UseTime:0.001384s ] mysql:host=127.0.0.1;port=3306;dbname=test;charset=utf8
[2020-12-03T15:06:04+08:00][sql] SHOW FULL COLUMNS FROM `cn_first` [ RunTime:0.001284s ]
[2020-12-03T15:06:04+08:00][sql] SELECT * FROM `cn_first` WHERE  `id` > 0 [ RunTime:0.000928s ]
[2020-12-03T15:06:05+08:00][sql] CONNECT:[ UseTime:0.019470s ] mysql:host=127.0.0.1;port=3306;dbname=test;charset=utf8
[2020-12-03T15:06:05+08:00][sql] SHOW FULL COLUMNS FROM `cn_first` [ RunTime:0.001263s ]
[2020-12-03T15:06:05+08:00][sql] SELECT * FROM `cn_first` WHERE  `id` > 0 [ RunTime:0.000972s ]
[2020-12-03T15:06:06+08:00][sql] CONNECT:[ UseTime:0.001268s ] mysql:host=127.0.0.1;port=3306;dbname=test;charset=utf8
[2020-12-03T15:06:06+08:00][sql] SHOW FULL COLUMNS FROM `cn_first` [ RunTime:0.000853s ]
[2020-12-03T15:06:06+08:00][sql] SELECT * FROM `cn_first` WHERE  `id` > 0 [ RunTime:0.000574s ]
[2020-12-03T15:06:43+08:00][sql] CONNECT:[ UseTime:0.001313s ] mysql:host=127.0.0.1;port=3306;dbname=test;charset=utf8
[2020-12-03T15:06:43+08:00][sql] SHOW FULL COLUMNS FROM `cn_first` [ RunTime:0.000914s ]
[2020-12-03T15:06:43+08:00][sql] SELECT * FROM `cn_first` WHERE  `id` > 0 [ RunTime:0.001011s ]
[2020-12-03T15:06:43+08:00][sql] SELECT * FROM `cn_first` WHERE  `id` > 0 [ RunTime:0.000594s ]
[2020-12-03T15:07:03+08:00][sql] CONNECT:[ UseTime:0.001125s ] mysql:host=127.0.0.1;port=3306;dbname=test;charset=utf8
[2020-12-03T15:07:03+08:00][sql] SHOW FULL COLUMNS FROM `cn_first` [ RunTime:0.000826s ]
[2020-12-03T15:07:03+08:00][sql] SELECT * FROM `cn_first` WHERE  `id` > 0 [ RunTime:0.000663s ]
[2020-12-03T15:07:03+08:00][sql] SELECT * FROM `cn_first` WHERE  `id` > 0 [ RunTime:0.000606s ]
[2020-12-03T15:08:57+08:00][sql] CONNECT:[ UseTime:0.011626s ] mysql:host=127.0.0.1;port=3306;dbname=test;charset=utf8
[2020-12-03T15:08:57+08:00][sql] SHOW FULL COLUMNS FROM `cn_first` [ RunTime:0.000861s ]
[2020-12-03T15:08:57+08:00][sql] SELECT * FROM `cn_first` WHERE  `id` > 0 [ RunTime:0.000565s ]
[2020-12-03T15:08:57+08:00][sql] SELECT * FROM `cn_first` WHERE  `id` > 0 [ RunTime:0.000400s ]
[2020-12-03T15:09:36+08:00][sql] CONNECT:[ UseTime:0.018230s ] mysql:host=127.0.0.1;port=3306;dbname=test;charset=utf8
[2020-12-03T15:09:36+08:00][sql] SHOW FULL COLUMNS FROM `cn_first` [ RunTime:0.000619s ]
[2020-12-03T15:09:36+08:00][sql] SELECT * FROM `cn_first` WHERE  `id` > 0 [ RunTime:0.000335s ]
[2020-12-03T15:09:36+08:00][sql] SELECT * FROM `cn_first` WHERE  `id` > 0 [ RunTime:0.000303s ]
[2020-12-03T15:10:00+08:00][sql] CONNECT:[ UseTime:0.001167s ] mysql:host=127.0.0.1;port=3306;dbname=test;charset=utf8
[2020-12-03T15:10:00+08:00][sql] SHOW FULL COLUMNS FROM `cn_first` [ RunTime:0.000885s ]
[2020-12-03T15:10:00+08:00][sql] SELECT * FROM `cn_first` WHERE  `id` > 0 [ RunTime:0.000844s ]
[2020-12-03T15:10:00+08:00][sql] SELECT * FROM `cn_first` WHERE  `id` > 0 [ RunTime:0.000634s ]
[2020-12-03T15:10:00+08:00][sql] SELECT * FROM `cn_first` WHERE  `id` > 0 [ RunTime:0.000605s ]
[2020-12-03T15:10:00+08:00][error] [8]Trying to get property 'name' of non-object[D:\software\thinkphp6\tp\app\controller\Index.php:26]
[2020-12-03T15:10:10+08:00][sql] CONNECT:[ UseTime:0.001098s ] mysql:host=127.0.0.1;port=3306;dbname=test;charset=utf8
[2020-12-03T15:10:10+08:00][sql] SHOW FULL COLUMNS FROM `cn_first` [ RunTime:0.000793s ]
[2020-12-03T15:10:10+08:00][sql] SELECT * FROM `cn_first` WHERE  `id` > 0 [ RunTime:0.000609s ]
[2020-12-03T15:10:10+08:00][sql] SELECT * FROM `cn_first` WHERE  `id` > 0 [ RunTime:0.001279s ]
[2020-12-03T15:10:10+08:00][sql] SELECT * FROM `cn_first` WHERE  `id` > 0 [ RunTime:0.000395s ]
[2020-12-03T15:10:10+08:00][error] [8]Array to string conversion[D:\software\thinkphp6\tp\app\controller\Index.php:26]
[2020-12-03T15:15:19+08:00][sql] CONNECT:[ UseTime:0.001597s ] mysql:host=127.0.0.1;port=3306;dbname=test;charset=utf8
[2020-12-03T15:15:19+08:00][sql] SHOW FULL COLUMNS FROM `cn_first` [ RunTime:0.001250s ]
[2020-12-03T15:15:19+08:00][sql] SELECT * FROM `cn_first` WHERE  `id` > 0 [ RunTime:0.001215s ]
[2020-12-03T15:15:19+08:00][sql] SELECT * FROM `cn_first` WHERE  `id` > 0 [ RunTime:0.000723s ]
[2020-12-03T15:15:19+08:00][error] [0]Call to undefined function app\controller\toArray()[D:\software\thinkphp6\tp\app\controller\Index.php:26]
[2020-12-03T15:21:53+08:00][sql] CONNECT:[ UseTime:0.001487s ] mysql:host=127.0.0.1;port=3306;dbname=test;charset=utf8
[2020-12-03T15:21:53+08:00][sql] SHOW FULL COLUMNS FROM `cn_first` [ RunTime:0.000893s ]
[2020-12-03T15:21:53+08:00][sql] SELECT * FROM `cn_first` WHERE  `id` > 0 [ RunTime:0.000964s ]
[2020-12-03T15:21:53+08:00][sql] SELECT * FROM `cn_first` WHERE  `id` > 0 [ RunTime:0.000567s ]
[2020-12-03T15:23:16+08:00][sql] CONNECT:[ UseTime:0.011371s ] mysql:host=127.0.0.1;port=3306;dbname=test;charset=utf8
[2020-12-03T15:23:16+08:00][sql] SHOW FULL COLUMNS FROM `cn_first` [ RunTime:0.001088s ]
[2020-12-03T15:23:16+08:00][sql] SELECT * FROM `cn_first` WHERE  `id` > 0 [ RunTime:0.000906s ]
[2020-12-03T15:23:16+08:00][sql] SELECT * FROM `cn_first` WHERE  `id` > 0 [ RunTime:0.000827s ]
[2020-12-03T15:23:16+08:00][sql] SELECT * FROM `cn_first` WHERE  `id` > 0 [ RunTime:0.000806s ]
[2020-12-03T15:23:16+08:00][error] [8]Array to string conversion[D:\software\thinkphp6\tp\app\controller\Index.php:27]
[2020-12-03T15:23:35+08:00][sql] CONNECT:[ UseTime:0.023014s ] mysql:host=127.0.0.1;port=3306;dbname=test;charset=utf8
[2020-12-03T15:23:35+08:00][sql] SHOW FULL COLUMNS FROM `cn_first` [ RunTime:0.001126s ]
[2020-12-03T15:23:35+08:00][sql] SELECT * FROM `cn_first` WHERE  `id` > 0 [ RunTime:0.001238s ]
[2020-12-03T15:23:35+08:00][sql] SELECT * FROM `cn_first` WHERE  `id` > 0 [ RunTime:0.000605s ]
[2020-12-03T15:23:35+08:00][sql] SELECT * FROM `cn_first` WHERE  `id` > 0 [ RunTime:0.000635s ]
[2020-12-03T15:24:45+08:00][sql] CONNECT:[ UseTime:0.026581s ] mysql:host=127.0.0.1;port=3306;dbname=test;charset=utf8
[2020-12-03T15:24:45+08:00][sql] SHOW FULL COLUMNS FROM `cn_first` [ RunTime:0.001512s ]
[2020-12-03T15:24:45+08:00][sql] SELECT * FROM `cn_first` WHERE  `id` > 0 [ RunTime:0.000940s ]
[2020-12-03T15:24:45+08:00][sql] SELECT * FROM `cn_first` WHERE  `id` > 0 [ RunTime:0.000765s ]
[2020-12-03T15:24:45+08:00][sql] SELECT * FROM `cn_first` WHERE  `id` > 0 [ RunTime:0.000725s ]
[2020-12-03T15:25:05+08:00][sql] CONNECT:[ UseTime:0.025694s ] mysql:host=127.0.0.1;port=3306;dbname=test;charset=utf8
[2020-12-03T15:25:05+08:00][sql] SHOW FULL COLUMNS FROM `cn_first` [ RunTime:0.001094s ]
[2020-12-03T15:25:05+08:00][sql] SELECT * FROM `cn_first` WHERE  `id` > 0 [ RunTime:0.000863s ]
[2020-12-03T15:25:05+08:00][sql] SELECT * FROM `cn_first` WHERE  `id` > 0 [ RunTime:0.000663s ]
[2020-12-03T15:25:05+08:00][sql] SELECT * FROM `cn_first` WHERE  `id` > 0 [ RunTime:0.000729s ]
[2020-12-03T15:26:25+08:00][sql] CONNECT:[ UseTime:0.013186s ] mysql:host=127.0.0.1;port=3306;dbname=test;charset=utf8
[2020-12-03T15:26:25+08:00][sql] SHOW FULL COLUMNS FROM `cn_first` [ RunTime:0.001303s ]
[2020-12-03T15:26:25+08:00][sql] SELECT * FROM `cn_first` WHERE  `id` > 0 [ RunTime:0.001053s ]
[2020-12-03T15:26:25+08:00][sql] SELECT * FROM `cn_first` WHERE  `id` > 0 [ RunTime:0.000791s ]
[2020-12-03T15:26:25+08:00][sql] SELECT * FROM `cn_first` WHERE  `id` > 0 [ RunTime:0.000827s ]
[2020-12-03T15:27:08+08:00][sql] CONNECT:[ UseTime:0.001398s ] mysql:host=127.0.0.1;port=3306;dbname=test;charset=utf8
[2020-12-03T15:27:08+08:00][sql] SHOW FULL COLUMNS FROM `cn_first` [ RunTime:0.000728s ]
[2020-12-03T15:27:08+08:00][sql] SELECT * FROM `cn_first` WHERE  `id` > 0 [ RunTime:0.000602s ]
[2020-12-03T15:27:08+08:00][sql] SELECT * FROM `cn_first` WHERE  `id` > 0 [ RunTime:0.000385s ]
[2020-12-03T15:27:08+08:00][sql] SELECT * FROM `cn_first` WHERE  `id` > 0 [ RunTime:0.000374s ]
[2020-12-03T15:27:29+08:00][sql] CONNECT:[ UseTime:0.001359s ] mysql:host=127.0.0.1;port=3306;dbname=test;charset=utf8
[2020-12-03T15:27:29+08:00][sql] SHOW FULL COLUMNS FROM `cn_first` [ RunTime:0.000662s ]
[2020-12-03T15:27:29+08:00][sql] SELECT * FROM `cn_first` WHERE  `id` > 0 [ RunTime:0.000409s ]
[2020-12-03T15:27:29+08:00][sql] SELECT * FROM `cn_first` WHERE  `id` > 0 [ RunTime:0.000382s ]
[2020-12-03T15:27:29+08:00][sql] SELECT * FROM `cn_first` WHERE  `id` > 0 [ RunTime:0.000396s ]
[2020-12-03T15:27:36+08:00][sql] CONNECT:[ UseTime:0.015354s ] mysql:host=127.0.0.1;port=3306;dbname=test;charset=utf8
[2020-12-03T15:27:36+08:00][sql] SHOW FULL COLUMNS FROM `cn_first` [ RunTime:0.001106s ]
[2020-12-03T15:27:36+08:00][sql] SELECT * FROM `cn_first` WHERE  `id` > 0 [ RunTime:0.001258s ]
[2020-12-03T15:27:36+08:00][sql] SELECT * FROM `cn_first` WHERE  `id` > 0 [ RunTime:0.000891s ]
[2020-12-03T15:27:36+08:00][sql] SELECT * FROM `cn_first` WHERE  `id` > 0 [ RunTime:0.001181s ]
[2020-12-03T15:27:53+08:00][sql] CONNECT:[ UseTime:0.001436s ] mysql:host=127.0.0.1;port=3306;dbname=test;charset=utf8
[2020-12-03T15:27:53+08:00][sql] SHOW FULL COLUMNS FROM `cn_first` [ RunTime:0.001018s ]
[2020-12-03T15:27:53+08:00][sql] SELECT * FROM `cn_first` WHERE  `id` > 0 [ RunTime:0.000974s ]
[2020-12-03T15:27:53+08:00][sql] SELECT * FROM `cn_first` WHERE  `id` > 0 [ RunTime:0.001017s ]
[2020-12-03T15:27:53+08:00][sql] SELECT * FROM `cn_first` WHERE  `id` > 0 [ RunTime:0.000809s ]
[2020-12-03T15:32:40+08:00][sql] CONNECT:[ UseTime:0.024841s ] mysql:host=127.0.0.1;port=3306;dbname=test;charset=utf8
[2020-12-03T15:32:40+08:00][sql] SHOW FULL COLUMNS FROM `cn_first` [ RunTime:0.001052s ]
[2020-12-03T15:32:40+08:00][sql] SELECT * FROM `cn_first` WHERE  `id` > 0 [ RunTime:0.000687s ]
[2020-12-03T15:32:40+08:00][sql] SELECT * FROM `cn_first` WHERE  `id` > 0 [ RunTime:0.000610s ]
[2020-12-03T15:32:40+08:00][sql] SELECT * FROM `cn_first` WHERE  `id` > 0 [ RunTime:0.000790s ]
[2020-12-03T15:53:07+08:00][sql] CONNECT:[ UseTime:0.001673s ] mysql:host=127.0.0.1;port=3306;dbname=test;charset=utf8
[2020-12-03T15:53:07+08:00][sql] SHOW FULL COLUMNS FROM `cn_first` [ RunTime:0.001197s ]
[2020-12-03T15:53:07+08:00][sql] SELECT * FROM `cn_first` WHERE  `id` > 0 [ RunTime:0.001331s ]
[2020-12-03T15:53:07+08:00][sql] SELECT * FROM `cn_first` WHERE  `id` > 0 [ RunTime:0.000804s ]
[2020-12-03T15:53:07+08:00][sql] SELECT * FROM `cn_first` WHERE  `id` > 0 [ RunTime:0.000748s ]
[2020-12-03T15:53:07+08:00][error] [8]未定义变量: user[D:\software\thinkphp6\tp\app\controller\Index.php:27]
[2020-12-03T15:53:50+08:00][sql] CONNECT:[ UseTime:0.021708s ] mysql:host=127.0.0.1;port=3306;dbname=test;charset=utf8
[2020-12-03T15:53:50+08:00][sql] SHOW FULL COLUMNS FROM `cn_first` [ RunTime:0.001117s ]
[2020-12-03T15:53:50+08:00][sql] SELECT * FROM `cn_first` WHERE  `id` > 0 [ RunTime:0.001325s ]
[2020-12-03T15:53:50+08:00][sql] SELECT * FROM `cn_first` WHERE  `id` > 0 [ RunTime:0.000813s ]
[2020-12-03T15:53:50+08:00][sql] SELECT * FROM `cn_first` WHERE  `id` > 0 [ RunTime:0.000778s ]
[2020-12-03T15:56:15+08:00][sql] CONNECT:[ UseTime:0.023940s ] mysql:host=127.0.0.1;port=3306;dbname=test;charset=utf8
[2020-12-03T15:56:15+08:00][sql] SHOW FULL COLUMNS FROM `cn_first` [ RunTime:0.000824s ]
[2020-12-03T15:56:15+08:00][sql] SELECT * FROM `cn_first` WHERE  `id` > 0 [ RunTime:0.000669s ]
[2020-12-03T15:56:15+08:00][sql] SELECT * FROM `cn_first` WHERE  `id` > 0 [ RunTime:0.000544s ]
[2020-12-03T15:56:15+08:00][sql] SELECT * FROM `cn_first` WHERE  `id` > 0 [ RunTime:0.000565s ]
[2020-12-03T15:56:15+08:00][error] [8]未定义变量: user[D:\software\thinkphp6\tp\app\controller\Index.php:27]
[2020-12-03T15:56:31+08:00][sql] CONNECT:[ UseTime:0.023696s ] mysql:host=127.0.0.1;port=3306;dbname=test;charset=utf8
[2020-12-03T15:56:31+08:00][sql] SHOW FULL COLUMNS FROM `cn_first` [ RunTime:0.000950s ]
[2020-12-03T15:56:31+08:00][sql] SELECT * FROM `cn_first` WHERE  `id` > 0 [ RunTime:0.000883s ]
[2020-12-03T15:56:31+08:00][sql] SELECT * FROM `cn_first` WHERE  `id` > 0 [ RunTime:0.000625s ]
[2020-12-03T15:56:31+08:00][sql] SELECT * FROM `cn_first` WHERE  `id` > 0 [ RunTime:0.000618s ]
[2020-12-03T15:56:31+08:00][error] [0]Call to undefined method app\controller\Index::getData()[D:\software\thinkphp6\tp\app\controller\Index.php:27]
[2020-12-03T16:05:52+08:00][sql] CONNECT:[ UseTime:0.001497s ] mysql:host=127.0.0.1;port=3306;dbname=test;charset=utf8
[2020-12-03T16:05:52+08:00][sql] SHOW FULL COLUMNS FROM `cn_first` [ RunTime:0.001027s ]
[2020-12-03T16:05:52+08:00][sql] SELECT * FROM `cn_first` WHERE  `id` > 0 [ RunTime:0.001286s ]
[2020-12-03T16:05:52+08:00][sql] SELECT * FROM `cn_first` WHERE  `id` > 0 [ RunTime:0.000693s ]
[2020-12-03T16:05:52+08:00][sql] SELECT * FROM `cn_first` WHERE  `id` > 0 [ RunTime:0.000659s ]
[2020-12-03T16:05:52+08:00][error] [0]Call to a member function hidden() on array[D:\software\thinkphp6\tp\app\controller\Index.php:28]
[2020-12-03T16:06:51+08:00][error] [0]语法错误: unexpected 'dump' (T_STRING)[D:\software\thinkphp6\tp\app\controller\Index.php:29]
[2020-12-03T16:06:59+08:00][sql] CONNECT:[ UseTime:0.002105s ] mysql:host=127.0.0.1;port=3306;dbname=test;charset=utf8
[2020-12-03T16:06:59+08:00][sql] SHOW FULL COLUMNS FROM `cn_first` [ RunTime:0.001043s ]
[2020-12-03T16:06:59+08:00][sql] SELECT * FROM `cn_first` WHERE  `id` > 0 [ RunTime:0.000685s ]
[2020-12-03T16:06:59+08:00][sql] SELECT * FROM `cn_first` WHERE  `id` > 0 [ RunTime:0.000635s ]
[2020-12-03T16:06:59+08:00][sql] SELECT * FROM `cn_first` WHERE  `id` > 0 [ RunTime:0.000636s ]
[2020-12-03T16:06:59+08:00][error] [0]Call to a member function hidden() on array[D:\software\thinkphp6\tp\app\controller\Index.php:28]
[2020-12-03T16:28:22+08:00][sql] CONNECT:[ UseTime:0.025120s ] mysql:host=127.0.0.1;port=3306;dbname=test;charset=utf8
[2020-12-03T16:28:22+08:00][sql] SHOW FULL COLUMNS FROM `cn_first` [ RunTime:0.001222s ]
[2020-12-03T16:28:22+08:00][sql] SELECT * FROM `cn_first` WHERE  `id` > 0 [ RunTime:0.000881s ]
[2020-12-03T16:28:22+08:00][sql] SELECT * FROM `cn_first` WHERE  `id` > 0 [ RunTime:0.001064s ]
[2020-12-03T16:28:22+08:00][sql] SELECT * FROM `cn_first` WHERE  `id` > 0 [ RunTime:0.000849s ]
[2020-12-03T16:28:22+08:00][error] [2]Invalid argument supplied for foreach()[D:\software\thinkphp6\tp\app\controller\Index.php:28]
[2020-12-03T16:28:32+08:00][sql] CONNECT:[ UseTime:0.000894s ] mysql:host=127.0.0.1;port=3306;dbname=test;charset=utf8
[2020-12-03T16:28:32+08:00][sql] SHOW FULL COLUMNS FROM `cn_first` [ RunTime:0.001184s ]
[2020-12-03T16:28:32+08:00][sql] SELECT * FROM `cn_first` WHERE  `id` > 0 [ RunTime:0.000471s ]
[2020-12-03T16:28:32+08:00][sql] SELECT * FROM `cn_first` WHERE  `id` > 0 [ RunTime:0.000530s ]
[2020-12-03T16:28:32+08:00][sql] SELECT * FROM `cn_first` WHERE  `id` > 0 [ RunTime:0.000529s ]
[2020-12-03T16:28:50+08:00][sql] CONNECT:[ UseTime:0.001571s ] mysql:host=127.0.0.1;port=3306;dbname=test;charset=utf8
[2020-12-03T16:28:50+08:00][sql] SHOW FULL COLUMNS FROM `cn_first` [ RunTime:0.000928s ]
[2020-12-03T16:28:50+08:00][sql] SELECT * FROM `cn_first` WHERE  `id` > 0 [ RunTime:0.000818s ]
[2020-12-03T16:28:50+08:00][sql] SELECT * FROM `cn_first` WHERE  `id` > 0 [ RunTime:0.000773s ]
[2020-12-03T16:28:50+08:00][sql] SELECT * FROM `cn_first` WHERE  `id` > 0 [ RunTime:0.000914s ]
[2020-12-03T16:29:19+08:00][sql] CONNECT:[ UseTime:0.019274s ] mysql:host=127.0.0.1;port=3306;dbname=test;charset=utf8
[2020-12-03T16:29:19+08:00][sql] SHOW FULL COLUMNS FROM `cn_first` [ RunTime:0.000711s ]
[2020-12-03T16:29:19+08:00][sql] SELECT * FROM `cn_first` WHERE  `id` > 0 [ RunTime:0.000633s ]
[2020-12-03T16:29:19+08:00][sql] SELECT * FROM `cn_first` WHERE  `id` > 0 [ RunTime:0.000377s ]
[2020-12-03T16:29:19+08:00][sql] SELECT * FROM `cn_first` WHERE  `id` > 0 [ RunTime:0.000221s ]
[2020-12-03T16:30:34+08:00][sql] CONNECT:[ UseTime:0.001360s ] mysql:host=127.0.0.1;port=3306;dbname=test;charset=utf8
[2020-12-03T16:30:34+08:00][sql] SHOW FULL COLUMNS FROM `cn_first` [ RunTime:0.000944s ]
[2020-12-03T16:30:34+08:00][sql] SELECT * FROM `cn_first` WHERE  `id` > 0 [ RunTime:0.000849s ]
[2020-12-03T16:30:34+08:00][sql] SELECT * FROM `cn_first` WHERE  `id` > 0 [ RunTime:0.000693s ]
[2020-12-03T16:30:34+08:00][sql] SELECT * FROM `cn_first` WHERE  `id` > 0 [ RunTime:0.000744s ]
[2020-12-03T16:35:01+08:00][sql] CONNECT:[ UseTime:0.001489s ] mysql:host=127.0.0.1;port=3306;dbname=test;charset=utf8
[2020-12-03T16:35:01+08:00][sql] SHOW FULL COLUMNS FROM `cn_first` [ RunTime:0.001099s ]
[2020-12-03T16:35:01+08:00][sql] SELECT * FROM `cn_first` WHERE  `id` > 0 [ RunTime:0.001242s ]
[2020-12-03T16:35:01+08:00][sql] SELECT * FROM `cn_first` WHERE  `id` > 0 [ RunTime:0.000841s ]
[2020-12-03T16:35:01+08:00][sql] SELECT * FROM `cn_first` WHERE  `id` > 0 [ RunTime:0.000838s ]
[2020-12-03T16:35:02+08:00][sql] CONNECT:[ UseTime:0.023944s ] mysql:host=127.0.0.1;port=3306;dbname=test;charset=utf8
[2020-12-03T16:35:02+08:00][sql] SHOW FULL COLUMNS FROM `cn_first` [ RunTime:0.001036s ]
[2020-12-03T16:35:02+08:00][sql] SELECT * FROM `cn_first` WHERE  `id` > 0 [ RunTime:0.001093s ]
[2020-12-03T16:35:02+08:00][sql] SELECT * FROM `cn_first` WHERE  `id` > 0 [ RunTime:0.000649s ]
[2020-12-03T16:35:02+08:00][sql] SELECT * FROM `cn_first` WHERE  `id` > 0 [ RunTime:0.000649s ]
[2020-12-03T16:35:03+08:00][sql] CONNECT:[ UseTime:0.001571s ] mysql:host=127.0.0.1;port=3306;dbname=test;charset=utf8
[2020-12-03T16:35:03+08:00][sql] SHOW FULL COLUMNS FROM `cn_first` [ RunTime:0.001124s ]
[2020-12-03T16:35:03+08:00][sql] SELECT * FROM `cn_first` WHERE  `id` > 0 [ RunTime:0.000928s ]
[2020-12-03T16:35:03+08:00][sql] SELECT * FROM `cn_first` WHERE  `id` > 0 [ RunTime:0.001034s ]
[2020-12-03T16:35:03+08:00][sql] SELECT * FROM `cn_first` WHERE  `id` > 0 [ RunTime:0.000868s ]
[2020-12-03T16:35:03+08:00][sql] CONNECT:[ UseTime:0.001066s ] mysql:host=127.0.0.1;port=3306;dbname=test;charset=utf8
[2020-12-03T16:35:03+08:00][sql] SHOW FULL COLUMNS FROM `cn_first` [ RunTime:0.000752s ]
[2020-12-03T16:35:03+08:00][sql] SELECT * FROM `cn_first` WHERE  `id` > 0 [ RunTime:0.000466s ]
[2020-12-03T16:35:03+08:00][sql] SELECT * FROM `cn_first` WHERE  `id` > 0 [ RunTime:0.000408s ]
[2020-12-03T16:35:03+08:00][sql] SELECT * FROM `cn_first` WHERE  `id` > 0 [ RunTime:0.000404s ]
[2020-12-03T16:36:20+08:00][sql] CONNECT:[ UseTime:0.001372s ] mysql:host=127.0.0.1;port=3306;dbname=test;charset=utf8
[2020-12-03T16:36:20+08:00][sql] SHOW FULL COLUMNS FROM `cn_first` [ RunTime:0.001003s ]
[2020-12-03T16:36:20+08:00][sql] SELECT * FROM `cn_first` WHERE  `id` > 0 [ RunTime:0.000886s ]
[2020-12-03T16:36:20+08:00][error] [0]Call to a member function toJson() on string[D:\software\thinkphp6\tp\app\controller\Index.php:23]
[2020-12-03T16:39:56+08:00][sql] CONNECT:[ UseTime:0.001447s ] mysql:host=127.0.0.1;port=3306;dbname=test;charset=utf8
[2020-12-03T16:39:56+08:00][sql] SHOW FULL COLUMNS FROM `cn_first` [ RunTime:0.001266s ]
[2020-12-03T16:39:56+08:00][sql] SELECT * FROM `cn_first` WHERE  `id` > 0 [ RunTime:0.001531s ]
[2020-12-03T16:39:56+08:00][sql] SELECT * FROM `cn_first` WHERE  `id` > 0 [ RunTime:0.000820s ]
[2020-12-03T16:39:56+08:00][sql] SELECT * FROM `cn_first` WHERE  `id` > 0 [ RunTime:0.000780s ]
[2020-12-03T16:39:56+08:00][sql] SELECT * FROM `cn_first` WHERE  `id` > 0 [ RunTime:0.000771s ]
[2020-12-03T16:39:56+08:00][sql] SELECT * FROM `cn_first` WHERE  `id` > 0 [ RunTime:0.000778s ]
[2020-12-03T16:39:56+08:00][sql] SELECT * FROM `cn_first` WHERE  `id` > 0 [ RunTime:0.000772s ]
[2020-12-03T16:40:47+08:00][sql] CONNECT:[ UseTime:0.000950s ] mysql:host=127.0.0.1;port=3306;dbname=test;charset=utf8
[2020-12-03T16:40:47+08:00][sql] SHOW FULL COLUMNS FROM `cn_first` [ RunTime:0.000688s ]
[2020-12-03T16:40:47+08:00][sql] SELECT * FROM `cn_first` WHERE  `id` > 0 [ RunTime:0.000455s ]
[2020-12-03T16:40:47+08:00][sql] SELECT * FROM `cn_first` WHERE  `id` > 0 [ RunTime:0.000364s ]
[2020-12-03T16:40:47+08:00][sql] SELECT * FROM `cn_first` WHERE  `id` > 0 [ RunTime:0.000400s ]
[2020-12-03T16:40:47+08:00][sql] SELECT * FROM `cn_first` WHERE  `id` > 0 [ RunTime:0.000445s ]
[2020-12-03T16:40:47+08:00][sql] SELECT * FROM `cn_first` WHERE  `id` > 0 [ RunTime:0.000343s ]
[2020-12-03T16:40:47+08:00][sql] SELECT * FROM `cn_first` WHERE  `id` > 0 [ RunTime:0.000284s ]
[2020-12-03T16:41:09+08:00][sql] CONNECT:[ UseTime:0.001509s ] mysql:host=127.0.0.1;port=3306;dbname=test;charset=utf8
[2020-12-03T16:41:09+08:00][sql] SHOW FULL COLUMNS FROM `cn_first` [ RunTime:0.001099s ]
[2020-12-03T16:41:09+08:00][sql] SELECT * FROM `cn_first` WHERE  `id` > 0 [ RunTime:0.000941s ]
[2020-12-03T16:41:09+08:00][sql] SELECT * FROM `cn_first` WHERE  `id` > 0 [ RunTime:0.000892s ]
[2020-12-03T16:41:09+08:00][sql] SELECT * FROM `cn_first` WHERE  `id` > 0 [ RunTime:0.000960s ]
[2020-12-03T17:21:47+08:00][error] [8]未定义变量: request[D:\software\thinkphp6\tp\app\controller\Index.php:18]
[2020-12-03T17:23:26+08:00][error] [8]未定义变量: request[D:\software\thinkphp6\tp\app\controller\Index.php:20]
[2020-12-03T17:23:27+08:00][error] [8]未定义变量: request[D:\software\thinkphp6\tp\app\controller\Index.php:20]
[2020-12-03T17:23:27+08:00][error] [8]未定义变量: request[D:\software\thinkphp6\tp\app\controller\Index.php:20]
[2020-12-03T17:23:27+08:00][error] [8]未定义变量: request[D:\software\thinkphp6\tp\app\controller\Index.php:20]
[2020-12-03T17:23:27+08:00][error] [8]未定义变量: request[D:\software\thinkphp6\tp\app\controller\Index.php:20]
[2020-12-03T17:27:08+08:00][sql] CONNECT:[ UseTime:0.025882s ] mysql:host=127.0.0.1;port=3306;dbname=test;charset=utf8
[2020-12-03T17:27:08+08:00][sql] SHOW FULL COLUMNS FROM `cn_first` [ RunTime:0.000766s ]
[2020-12-03T17:27:08+08:00][sql] SELECT * FROM `cn_first` WHERE  `id` > 0 [ RunTime:0.000657s ]
[2020-12-03T17:27:08+08:00][sql] SELECT * FROM `cn_first` WHERE  `id` > 0 [ RunTime:0.000384s ]
[2020-12-03T17:27:08+08:00][sql] SELECT * FROM `cn_first` WHERE  `id` > 0 [ RunTime:0.000378s ]
